Test status forced to FAILED for: testFullLoanJourneySanity
Exception: TimeoutError